c:\users\cch\source\repos\windowsdriverlessvirtualprinter\x64\debug\vc142.pdb
c:\users\cch\source\repos\windowsdriverlessvirtualprinter\x64\debug\vc142.idb
c:\users\cch\source\repos\windowsdriverlessvirtualprinter\x64\debug\main.obj
c:\users\cch\source\repos\windowsdriverlessvirtualprinter\x64\debug\ipp_client.obj
c:\users\cch\source\repos\windowsdriverlessvirtualprinter\x64\debug\util.obj
c:\users\cch\source\repos\windowsdriverlessvirtualprinter\x64\debug\virtual_driverless_printer.obj
c:\users\cch\source\repos\windowsdriverlessvirtualprinter\x64\debug\print_job.obj
c:\users\cch\source\repos\windowsdriverlessvirtualprinter\x64\debug\my_util.obj
c:\users\cch\source\repos\choichoongho94\windowsvirtualdriverlessprinter\x64\debug\vc142.pdb
c:\users\cch\source\repos\choichoongho94\windowsvirtualdriverlessprinter\x64\debug\vc142.idb
c:\users\cch\source\repos\choichoongho94\windowsvirtualdriverlessprinter\x64\debug\virtual_driverless_printer.obj
c:\users\cch\source\repos\choichoongho94\windowsvirtualdriverlessprinter\x64\debug\print_job.obj
c:\users\cch\source\repos\choichoongho94\windowsvirtualdriverlessprinter\x64\debug\ipp_client.obj
c:\users\cch\source\repos\choichoongho94\windowsvirtualdriverlessprinter\x64\debug\main.obj
c:\users\cch\source\repos\windowsdriverlessvirtualprinter\x64\debug\windowsdriverlessvirtualprinter.exe
c:\users\cch\source\repos\windowsdriverlessvirtualprinter\x64\debug\windowsdriverlessvirtualprinter.ilk
c:\users\cch\source\repos\windowsdriverlessvirtualprinter\x64\debug\windowsdriverlessvirtualprinter.pdb
c:\users\cch\source\repos\choichoongho94\windowsvirtualdriverlessprinter\x64\debug\windowsdriverlessvirtualprinter.exe
c:\users\cch\source\repos\choichoongho94\windowsvirtualdriverlessprinter\x64\debug\windowsdriverlessvirtualprinter.ilk
c:\users\cch\source\repos\choichoongho94\windowsvirtualdriverlessprinter\x64\debug\windowsdriverlessvirtualprinter.pdb
c:\users\cch\source\repos\choichoongho94\windowsvirtualdriverlessprinter\x64\debug\my_util.obj
c:\users\cch\source\repos\choichoongho94\windowsvirtualdriverlessprinter\x64\debug\util.obj
c:\users\cch\source\repos\choichoongho94\windowsvirtualdriverlessprinter\x64\debug\ipp_client.obj.enc
c:\users\cch\source\repos\choichoongho94\windowsvirtualdriverlessprinter\x64\debug\virtual_driverless_printer.obj.enc
c:\users\cch\source\repos\choichoongho94\windowsvirtualdriverlessprinter\x64\debug\printer_winapi_test.ilk
c:\users\cch\source\repos\choichoongho94\windowsvirtualdriverlessprinter\x64\debug\printer_winapi_test.pdb
c:\users\cch\source\repos\choichoongho94\windowsvirtualdriverlessprinter\x64\debug\windowsd.4656c9e9.tlog\cl.command.1.tlog
c:\users\cch\source\repos\choichoongho94\windowsvirtualdriverlessprinter\x64\debug\windowsd.4656c9e9.tlog\cl.read.1.tlog
c:\users\cch\source\repos\choichoongho94\windowsvirtualdriverlessprinter\x64\debug\windowsd.4656c9e9.tlog\cl.write.1.tlog
c:\users\cch\source\repos\choichoongho94\windowsvirtualdriverlessprinter\x64\debug\windowsd.4656c9e9.tlog\link.command.1.tlog
c:\users\cch\source\repos\choichoongho94\windowsvirtualdriverlessprinter\x64\debug\windowsd.4656c9e9.tlog\link.read.1.tlog
c:\users\cch\source\repos\choichoongho94\windowsvirtualdriverlessprinter\x64\debug\windowsd.4656c9e9.tlog\link.write.1.tlog
