  ipp_client.cpp
C:\Program Files (x86)\Windows Kits\10\Include\10.0.18362.0\um\winsock2.h(17,1): warning C4005: '_WINSOCKAPI_': 매크로 재정의
C:\Users\cch\source\repos\ChoiChoongHo94\WindowsVirtualDriverlessPrinter\ipp_client.cpp : message : '_WINSOCKAPI_'의 이전 정의를 참조하십시오.
C:\Users\cch\source\repos\ChoiChoongHo94\WindowsVirtualDriverlessPrinter\ipp_client.cpp(753,6): warning C4267: '인수': 'size_t'에서 'unsigned int'(으)로 변환하면서 데이터가 손실될 수 있습니다.
  main.cpp
C:\Program Files (x86)\Windows Kits\10\Include\10.0.18362.0\um\winsock2.h(17,1): warning C4005: '_WINSOCKAPI_': 매크로 재정의
C:\Users\cch\source\repos\ChoiChoongHo94\WindowsVirtualDriverlessPrinter\main.cpp : message : '_WINSOCKAPI_'의 이전 정의를 참조하십시오.
  print_job.cpp
C:\Program Files (x86)\Windows Kits\10\Include\10.0.18362.0\um\winsock2.h(17,1): warning C4005: '_WINSOCKAPI_': 매크로 재정의
C:\Users\cch\source\repos\ChoiChoongHo94\WindowsVirtualDriverlessPrinter\print_job.cpp : message : '_WINSOCKAPI_'의 이전 정의를 참조하십시오.
  virtual_driverless_printer.cpp
C:\Program Files (x86)\Windows Kits\10\Include\10.0.18362.0\um\winsock2.h(17,1): warning C4005: '_WINSOCKAPI_': 매크로 재정의
C:\Users\cch\source\repos\ChoiChoongHo94\WindowsVirtualDriverlessPrinter\virtual_driverless_printer.cpp : message : '_WINSOCKAPI_'의 이전 정의를 참조하십시오.
C:\Users\cch\source\repos\ChoiChoongHo94\WindowsVirtualDriverlessPrinter\virtual_driverless_printer.cpp(52,40): warning C4101: 'media' :참조되지 않은 지역 변수입니다.
C:\Users\cch\source\repos\ChoiChoongHo94\WindowsVirtualDriverlessPrinter\virtual_driverless_printer.cpp(202,76): warning C4267: '인수': 'size_t'에서 'uint8_t'(으)로 변환하면서 데이터가 손실될 수 있습니다.
C:\Users\cch\source\repos\ChoiChoongHo94\WindowsVirtualDriverlessPrinter\virtual_driverless_printer.cpp(205,77): warning C4267: '인수': 'size_t'에서 'uint8_t'(으)로 변환하면서 데이터가 손실될 수 있습니다.
C:\Users\cch\source\repos\ChoiChoongHo94\WindowsVirtualDriverlessPrinter\virtual_driverless_printer.cpp(208,75): warning C4267: '인수': 'size_t'에서 'uint8_t'(으)로 변환하면서 데이터가 손실될 수 있습니다.
C:\Users\cch\source\repos\ChoiChoongHo94\WindowsVirtualDriverlessPrinter\virtual_driverless_printer.cpp(211,85): warning C4267: '인수': 'size_t'에서 'uint8_t'(으)로 변환하면서 데이터가 손실될 수 있습니다.
C:\Users\cch\source\repos\ChoiChoongHo94\WindowsVirtualDriverlessPrinter\virtual_driverless_printer.cpp(469,48): warning C4244: '인수': 'double'에서 'int'(으)로 변환하면서 데이터가 손실될 수 있습니다.
C:\Users\cch\source\repos\ChoiChoongHo94\WindowsVirtualDriverlessPrinter\virtual_driverless_printer.cpp(469,40): warning C4244: '인수': 'double'에서 'int'(으)로 변환하면서 데이터가 손실될 수 있습니다.
  코드를 생성하고 있습니다...
virtual_driverless_printer.obj : error LNK2019: __imp_WSAPoll"public: void __cdecl VirtualDriverlessPrinter::run(void)" (?run@VirtualDriverlessPrinter@@QEAAXXZ) 함수에서 참조되는 확인할 수 없는 외부 기호
C:\Users\cch\Source\Repos\ChoiChoongHo94\WindowsVirtualDriverlessPrinter\x64\Debug\WindowsDriverlessVirtualPrinter.exe : fatal error LNK1120: 1개의 확인할 수 없는 외부 참조입니다.
